c:\users\remy\source\repos\encapsulation\encapsulation\x64\debug\vc143.pdb
c:\users\remy\source\repos\encapsulation\encapsulation\x64\debug\vc143.idb
c:\users\remy\source\repos\encapsulation\encapsulation\x64\debug\vector2.obj
c:\users\remy\source\repos\encapsulation\encapsulation\x64\debug\encapsulation.obj
c:\users\remy\source\repos\encapsulation\encapsulation\x64\debug\entity.obj
c:\users\remy\source\repos\encapsulation\encapsulation\x64\debug\amovable.obj
c:\users\remy\source\repos\encapsulation\encapsulation\x64\debug\staticobject.obj
c:\users\remy\source\repos\encapsulation\encapsulation\x64\debug\alive.obj
c:\users\rmagne\documents\github\encapsulation\encapsulation\encapsulation\x64\debug\vc143.pdb
c:\users\rmagne\documents\github\encapsulation\encapsulation\encapsulation\x64\debug\vc143.idb
c:\users\rmagne\documents\github\encapsulation\encapsulation\encapsulation\x64\debug\vector2.obj
c:\users\rmagne\documents\github\encapsulation\encapsulation\encapsulation\x64\debug\staticobject.obj
c:\users\rmagne\documents\github\encapsulation\encapsulation\encapsulation\x64\debug\entity.obj
c:\users\rmagne\documents\github\encapsulation\encapsulation\encapsulation\x64\debug\encapsulation.obj
c:\users\rmagne\documents\github\encapsulation\encapsulation\encapsulation\x64\debug\amovable.obj
c:\users\rmagne\documents\github\encapsulation\encapsulation\encapsulation\x64\debug\alive.obj
c:\users\remy\source\repos\encapsulation\x64\debug\encapsulation.exe
c:\users\remy\source\repos\encapsulation\x64\debug\encapsulation.pdb
c:\users\remy\source\repos\encapsulation\encapsulation\x64\debug\encapsulation.ilk
c:\users\rmagne\documents\github\encapsulation\encapsulation\x64\debug\encapsulation.pdb
c:\users\rmagne\documents\github\encapsulation\encapsulation\encapsulation\x64\debug\encapsulation.tlog\cl.command.1.tlog
c:\users\rmagne\documents\github\encapsulation\encapsulation\encapsulation\x64\debug\encapsulation.tlog\cl.items.tlog
c:\users\rmagne\documents\github\encapsulation\encapsulation\encapsulation\x64\debug\encapsulation.tlog\cl.read.1.tlog
c:\users\rmagne\documents\github\encapsulation\encapsulation\encapsulation\x64\debug\encapsulation.tlog\cl.write.1.tlog
c:\users\rmagne\documents\github\encapsulation\encapsulation\encapsulation\x64\debug\encapsulation.tlog\link-cvtres.read.1.tlog
c:\users\rmagne\documents\github\encapsulation\encapsulation\encapsulation\x64\debug\encapsulation.tlog\link-cvtres.write.1.tlog
c:\users\rmagne\documents\github\encapsulation\encapsulation\encapsulation\x64\debug\encapsulation.tlog\link-rc.read.1.tlog
c:\users\rmagne\documents\github\encapsulation\encapsulation\encapsulation\x64\debug\encapsulation.tlog\link-rc.write.1.tlog
c:\users\rmagne\documents\github\encapsulation\encapsulation\encapsulation\x64\debug\encapsulation.tlog\link.command.1.tlog
c:\users\rmagne\documents\github\encapsulation\encapsulation\encapsulation\x64\debug\encapsulation.tlog\link.read.1.tlog
c:\users\rmagne\documents\github\encapsulation\encapsulation\encapsulation\x64\debug\encapsulation.tlog\link.read.2.tlog
c:\users\rmagne\documents\github\encapsulation\encapsulation\encapsulation\x64\debug\encapsulation.tlog\link.read.3.tlog
c:\users\rmagne\documents\github\encapsulation\encapsulation\encapsulation\x64\debug\encapsulation.tlog\link.read.4.tlog
c:\users\rmagne\documents\github\encapsulation\encapsulation\encapsulation\x64\debug\encapsulation.tlog\link.secondary.1.tlog
c:\users\rmagne\documents\github\encapsulation\encapsulation\encapsulation\x64\debug\encapsulation.tlog\link.write.1.tlog
